<?xml version="1.0" encoding="UTF-8"?>
<testsuite name="BASILIUM.BASILIUM_AI.BasiliumAiApplicationTests" tests="1" skipped="0" failures="0" errors="0" timestamp="2023-09-17T05:48:08" hostname="woo" time="0.215">
  <properties/>
  <testcase name="contextLoads()" classname="BASILIUM.BASILIUM_AI.BasiliumAiApplicationTests" time="0.215"/>
  <system-out><![CDATA[14:48:07.012 [Test worker] DEBUG org.springframework.test.context.BootstrapUtils - Instantiating CacheAwareContextLoaderDelegate from class [org.springframework.test.context.cache.DefaultCacheAwareContextLoaderDelegate]
14:48:07.018 [Test worker] DEBUG org.springframework.test.context.BootstrapUtils - Instantiating BootstrapContext using constructor [public org.springframework.test.context.support.DefaultBootstrapContext(java.lang.Class,org.springframework.test.context.CacheAwareContextLoaderDelegate)]
14:48:07.042 [Test worker] DEBUG org.springframework.test.context.BootstrapUtils - Instantiating TestContextBootstrapper for test class [BASILIUM.BASILIUM_AI.BasiliumAiApplicationTests] from class [org.springframework.boot.test.context.SpringBootTestContextBootstrapper]
14:48:07.049 [Test worker] INFO org.springframework.boot.test.context.SpringBootTestContextBootstrapper - Neither @ContextConfiguration nor @ContextHierarchy found for test class [BASILIUM.BASILIUM_AI.BasiliumAiApplicationTests], using SpringBootContextLoader
14:48:07.051 [Test worker] DEBUG org.springframework.test.context.support.AbstractContextLoader - Did not detect default resource location for test class [BASILIUM.BASILIUM_AI.BasiliumAiApplicationTests]: class path resource [BASILIUM/BASILIUM_AI/BasiliumAiApplicationTests-context.xml] does not exist
14:48:07.052 [Test worker] DEBUG org.springframework.test.context.support.AbstractContextLoader - Did not detect default resource location for test class [BASILIUM.BASILIUM_AI.BasiliumAiApplicationTests]: class path resource [BASILIUM/BASILIUM_AI/BasiliumAiApplicationTestsContext.groovy] does not exist
14:48:07.052 [Test worker] INFO org.springframework.test.context.support.AbstractContextLoader - Could not detect default resource locations for test class [BASILIUM.BASILIUM_AI.BasiliumAiApplicationTests]: no resource found for suffixes {-context.xml, Context.groovy}.
14:48:07.052 [Test worker] INFO org.springframework.test.context.support.AnnotationConfigContextLoaderUtils - Could not detect default configuration classes for test class [BASILIUM.BASILIUM_AI.BasiliumAiApplicationTests]: BasiliumAiApplicationTests does not declare any static, non-private, non-final, nested classes annotated with @Configuration.
14:48:07.078 [Test worker] DEBUG org.springframework.test.context.support.ActiveProfilesUtils - Could not find an 'annotation declaring class' for annotation type [org.springframework.test.context.ActiveProfiles] and class [BASILIUM.BASILIUM_AI.BasiliumAiApplicationTests]
14:48:07.119 [Test worker] DEBUG org.springframework.context.annotation.ClassPathScanningCandidateComponentProvider - Identified candidate component class: file [/home/woo/Desktop/job/project/VITON/BASILIUM-AI/build/classes/java/main/BASILIUM/BASILIUM_AI/BasiliumAiApplication.class]
14:48:07.120 [Test worker] INFO org.springframework.boot.test.context.SpringBootTestContextBootstrapper - Found @SpringBootConfiguration BASILIUM.BASILIUM_AI.BasiliumAiApplication for test class BASILIUM.BASILIUM_AI.BasiliumAiApplicationTests
14:48:07.178 [Test worker] DEBUG org.springframework.boot.test.context.SpringBootTestContextBootstrapper - @TestExecutionListeners is not present for class [BASILIUM.BASILIUM_AI.BasiliumAiApplicationTests]: using defaults.
14:48:07.179 [Test worker] INFO org.springframework.boot.test.context.SpringBootTestContextBootstrapper - Loaded default TestExecutionListener class names from location [META-INF/spring.factories]: [org.springframework.boot.test.autoconfigure.restdocs.RestDocsTestExecutionListener, org.springframework.boot.test.autoconfigure.web.client.MockRestServiceServerResetTestExecutionListener, org.springframework.boot.test.autoconfigure.web.servlet.MockMvcPrintOnlyOnFailureTestExecutionListener, org.springframework.boot.test.autoconfigure.web.servlet.WebDriverTestExecutionListener, org.springframework.boot.test.autoconfigure.webservices.client.MockWebServiceServerTestExecutionListener, org.springframework.boot.test.mock.mockito.MockitoTestExecutionListener, org.springframework.boot.test.mock.mockito.ResetMocksTestExecutionListener, org.springframework.test.context.web.ServletTestExecutionListener, org.springframework.test.context.support.DirtiesContextBeforeModesTestExecutionListener, org.springframework.test.context.event.ApplicationEventsTestExecutionListener, org.springframework.test.context.support.DependencyInjectionTestExecutionListener, org.springframework.test.context.support.DirtiesContextTestExecutionListener, org.springframework.test.context.transaction.TransactionalTestExecutionListener, org.springframework.test.context.jdbc.SqlScriptsTestExecutionListener, org.springframework.test.context.event.EventPublishingTestExecutionListener]
14:48:07.190 [Test worker] DEBUG org.springframework.boot.test.context.SpringBootTestContextBootstrapper - Skipping candidate TestExecutionListener [org.springframework.test.context.transaction.TransactionalTestExecutionListener] due to a missing dependency. Specify custom listener classes or make the default listener classes and their required dependencies available. Offending class: [org/springframework/transaction/interceptor/TransactionAttributeSource]
14:48:07.191 [Test worker] DEBUG org.springframework.boot.test.context.SpringBootTestContextBootstrapper - Skipping candidate TestExecutionListener [org.springframework.test.context.jdbc.SqlScriptsTestExecutionListener] due to a missing dependency. Specify custom listener classes or make the default listener classes and their required dependencies available. Offending class: [org/springframework/transaction/interceptor/TransactionAttribute]
14:48:07.191 [Test worker] INFO org.springframework.boot.test.context.SpringBootTestContextBootstrapper - Using TestExecutionListeners: [org.springframework.test.context.web.ServletTestExecutionListener@5974109, org.springframework.test.context.support.DirtiesContextBeforeModesTestExecutionListener@27305e6, org.springframework.test.context.event.ApplicationEventsTestExecutionListener@1ef3efa8, org.springframework.boot.test.mock.mockito.MockitoTestExecutionListener@502f1f4c, org.springframework.boot.test.autoconfigure.SpringBootDependencyInjectionTestExecutionListener@6f8f9349, org.springframework.test.context.support.DirtiesContextTestExecutionListener@75c9e76b, org.springframework.test.context.event.EventPublishingTestExecutionListener@7446d8d5, org.springframework.boot.test.autoconfigure.restdocs.RestDocsTestExecutionListener@5c3b6c6e, org.springframework.boot.test.autoconfigure.web.client.MockRestServiceServerResetTestExecutionListener@4fbda97b, org.springframework.boot.test.autoconfigure.web.servlet.MockMvcPrintOnlyOnFailureTestExecutionListener@75f5fd58, org.springframework.boot.test.autoconfigure.web.servlet.WebDriverTestExecutionListener@37b70343, org.springframework.boot.test.autoconfigure.webservices.client.MockWebServiceServerTestExecutionListener@306851c7, org.springframework.boot.test.mock.mockito.ResetMocksTestExecutionListener@12bcd0c0]
14:48:07.194 [Test worker] DEBUG org.springframework.test.context.support.AbstractDirtiesContextTestExecutionListener - Before test class: context [DefaultTestContext@6b9ce1bf testClass = BasiliumAiApplicationTests, testInstance = [null], testMethod = [null], testException = [null], mergedContextConfiguration = [WebMergedContextConfiguration@61884cb1 testClass = BasiliumAiApplicationTests, locations = '{}', classes = '{class BASILIUM.BASILIUM_AI.BasiliumAiApplication}', contextInitializerClasses = '[]', activeProfiles = '{}', propertySourceLocations = '{}', propertySourceProperties = '{org.springframework.boot.test.context.SpringBootTestContextBootstrapper=true}', contextCustomizers = set[org.springframework.boot.test.autoconfigure.actuate.metrics.MetricsExportContextCustomizerFactory$DisableMetricExportContextCustomizer@36a5cabc, org.springframework.boot.test.autoconfigure.properties.PropertyMappingContextCustomizer@0, org.springframework.boot.test.autoconfigure.web.servlet.WebDriverContextCustomizerFactory$Customizer@4ff8d125, org.springframework.boot.test.context.filter.ExcludeFilterContextCustomizer@327bcebd, org.springframework.boot.test.json.DuplicateJsonObjectContextCustomizerFactory$DuplicateJsonObjectContextCustomizer@1339e7aa, org.springframework.boot.test.mock.mockito.MockitoContextCustomizer@0, org.springframework.boot.test.web.client.TestRestTemplateContextCustomizer@31ff43be, org.springframework.boot.test.context.SpringBootTestArgs@1, org.springframework.boot.test.context.SpringBootTestWebEnvironment@6aaceffd], resourceBasePath = 'src/main/webapp', contextLoader = 'org.springframework.boot.test.context.SpringBootContextLoader', parent = [null]], attributes = map['org.springframework.test.context.web.ServletTestExecutionListener.activateListener' -> true]], class annotated with @DirtiesContext [false] with mode [null].

  .   ____          _            __ _ _
 /\\ / ___'_ __ _ _(_)_ __  __ _ \ \ \ \
( ( )\___ | '_ | '_| | '_ \/ _` | \ \ \ \
 \\/  ___)| |_)| | | | | || (_| |  ) ) ) )
  '  |____| .__|_| |_|_| |_\__, | / / / /
 =========|_|==============|___/=/_/_/_/
 :: Spring Boot ::               (v2.7.15)

2023-09-17 14:48:07.429  INFO 63361 --- [    Test worker] B.B.BasiliumAiApplicationTests           : Starting BasiliumAiApplicationTests using Java 11.0.20.1 on woo with PID 63361 (started by root in /home/woo/Desktop/job/project/VITON/BASILIUM-AI)
2023-09-17 14:48:07.430  INFO 63361 --- [    Test worker] B.B.BasiliumAiApplicationTests           : No active profile set, falling back to 1 default profile: "default"
2023-09-17 14:48:08.397  WARN 63361 --- [    Test worker] ion$DefaultTemplateResolverConfiguration : Cannot find template location: classpath:/templates/ (please add some templates, check your Thymeleaf configuration, or set spring.thymeleaf.check-template-location=false)
2023-09-17 14:48:08.466  INFO 63361 --- [    Test worker] B.B.BasiliumAiApplicationTests           : Started BasiliumAiApplicationTests in 1.247 seconds (JVM running for 2.031)
]]></system-out>
  <system-err><![CDATA[]]></system-err>
</testsuite>
